boloname =  PB20.13.13_Comb01Ch04
fitDemodResult.py | main() | 0MB | exclude_indices (size:0) = [] | 
fitDemodResult.py | main() | 0MB | real [x] (no cut)         = [-2152.6512399049675, -4515.093011763473, -4379.277213818262, -1613.6620523834333, 2106.351209804615, 4585.31569837134, 4259.61855444826, 1476.2903255965011] | 
fitDemodResult.py | main() | 0MB | x_fit (after excludeAngle) = [-2152.6512399049675, -4515.093011763473, -4379.277213818262, -1613.6620523834333, 2106.351209804615, 4585.31569837134, 4259.61855444826, 1476.2903255965011] | 
minuitfit.py | minuitminosfit() | 0MB | minuit :
┌───┬──────┬───────────┬───────────┬────────────┬────────────┬─────────┬─────────┬───────┐
│   │ Name │   Value   │ Hesse Err │ Minos Err- │ Minos Err+ │ Limit-  │ Limit+  │ Fixed │
├───┼──────┼───────────┼───────────┼────────────┼────────────┼─────────┼─────────┼───────┤
│ 0 │ x0   │  -29.14   │   -0.29   │            │            │         │         │       │
│ 1 │ x1   │  -29.14   │   -0.29   │            │            │         │         │       │
│ 2 │ x2   │  4.81e3   │  0.05e3   │            │            │         │         │       │
│ 3 │ x3   │   1.00    │   0.01    │            │            │         │         │       │
└───┴──────┴───────────┴───────────┴────────────┴────────────┴─────────┴─────────┴───────┘ | 
minuitfit.py | minuitminosfit() | 0MB | covariance :
┌────┬─────────────────────────────────────┐
│    │       x0       x1       x2       x3 │
├────┼─────────────────────────────────────┤
│ x0 │    0.135   0.0703   0.0305 1.76e-05 │
│ x1 │   0.0703     0.23   0.0499 5.02e-05 │
│ x2 │   0.0305   0.0499    0.429 2.18e-05 │
│ x3 │ 1.76e-05 5.02e-05 2.18e-05 2.37e-08 │
└────┴─────────────────────────────────────┘ | 
minuitfit.py | minuitminosfit() | 0MB | is_valid   = True | 
minuitfit.py | minuitminosfit() | 0MB | is_accurate= True | 
minuitfit.py | printResult() | 0MB | fmin (minimized value) = 244.94556718316545 | 
minuitfit.py | printResult() | 0MB | nfcn (# of calls)      = 2032 | 
minuitfit.py | printResult() | 0MB | Center of real                 =   -8.799 +- 0.367 | 
minuitfit.py | printResult() | 0MB | Center of imag.                =   18.773 +- 0.479 | 
minuitfit.py | printResult() | 0MB | Raidus                         = 4806.521 +- 0.655 | 
minuitfit.py | printResult() | 0MB | Coefficient on imag. term      =    0.984 +- 0.000 | 
fitDemodResult.py | main() | 0MB | (x0,y0) = (  -8.799,   18.773) +- (0.367, 0.479) | 
fitDemodResult.py | main() | 0MB | r0 (center)                    =   20.733 +- 0.461 | 
fitDemodResult.py | main() | 0MB | theta0 (center) [rad.]         =    2.009 +- 0.019 | 
fitDemodResult.py | main() | 0MB | theta0 (center) [deg.]         =  115.113 +- 1.077 | 
fitDemodResult.py | main() | 4MB | k=0 wire angle = 0.0, fit angle = 243.4, fit angle (0deg) = 243.4 | 
fitDemodResult.py | main() | 4MB | k=0 d_fittheta = 0.0 | 
fitDemodResult.py | main() | 4MB | k=1 wire angle = 22.5, fit angle = 198.8, fit angle (0deg) = 243.4 | 
fitDemodResult.py | main() | 4MB | k=1 d_fittheta = 44.5 | 
fitDemodResult.py | main() | 4MB | k=2 wire angle = 45.0, fit angle = 154.6, fit angle (0deg) = 243.4 | 
fitDemodResult.py | main() | 4MB | k=2 d_fittheta = 88.8 | 
fitDemodResult.py | main() | 4MB | k=3 wire angle = 67.5, fit angle = 109.4, fit angle (0deg) = 243.4 | 
fitDemodResult.py | main() | 4MB | k=3 d_fittheta = 134.0 | 
fitDemodResult.py | main() | 4MB | k=4 wire angle = 90.0, fit angle = 64.1, fit angle (0deg) = 243.4 | 
fitDemodResult.py | main() | 4MB | k=4 d_fittheta = 179.3 | 
fitDemodResult.py | main() | 4MB | k=5 wire angle = 112.5, fit angle = 17.2, fit angle (0deg) = 243.4 | 
fitDemodResult.py | main() | 4MB | k=5 d_fittheta = 226.1 | 
fitDemodResult.py | main() | 4MB | k=6 wire angle = 135.0, fit angle = 331.9, fit angle (0deg) = 243.4 | 
fitDemodResult.py | main() | 4MB | k=6 d_fittheta = 271.4 | 
fitDemodResult.py | main() | 4MB | k=7 wire angle = 157.5, fit angle = 287.6, fit angle (0deg) = 243.4 | 
fitDemodResult.py | main() | 4MB | k=7 d_fittheta = 315.8 | 
fitDemodResult.py | main() | 4MB | Saving plot (plot_ver1/ver1_PB20.13.13_Comb01Ch04_demodfitresult...) | 
