boloname =  PB20.13.13_Comb01Ch07
fitDemodResult.py | main() | 0MB | exclude_indices (size:0) = [] | 
fitDemodResult.py | main() | 0MB | real [x] (no cut)         = [659.0091478768063, 1495.2135045778177, 1554.559127701751, 739.0788516348172, -528.2514750453439, -1469.8585585850956, -1435.3323830989211, -556.2912097628354] | 
fitDemodResult.py | main() | 0MB | x_fit (after excludeAngle) = [659.0091478768063, 1495.2135045778177, 1554.559127701751, 739.0788516348172, -528.2514750453439, -1469.8585585850956, -1435.3323830989211, -556.2912097628354] | 
minuitfit.py | minuitminosfit() | 0MB | minuit :
┌───┬──────┬───────────┬───────────┬────────────┬────────────┬─────────┬─────────┬───────┐
│   │ Name │   Value   │ Hesse Err │ Minos Err- │ Minos Err+ │ Limit-  │ Limit+  │ Fixed │
├───┼──────┼───────────┼───────────┼────────────┼────────────┼─────────┼─────────┼───────┤
│ 0 │ x0   │   57.3    │    0.6    │            │            │         │         │       │
│ 1 │ x1   │   57.3    │    0.6    │            │            │         │         │       │
│ 2 │ x2   │  1.612e3  │  0.016e3  │            │            │         │         │       │
│ 3 │ x3   │   1.00    │   0.01    │            │            │         │         │       │
└───┴──────┴───────────┴───────────┴────────────┴────────────┴─────────┴─────────┴───────┘ | 
minuitfit.py | minuitminosfit() | 0MB | covariance :
┌────┬─────────────────────────────────────┐
│    │       x0       x1       x2       x3 │
├────┼─────────────────────────────────────┤
│ x0 │ 0.000616 0.000197 0.000255 2.72e-07 │
│ x1 │ 0.000197 6.37e-05  8.2e-05 8.72e-08 │
│ x2 │ 0.000255  8.2e-05 0.000117 1.13e-07 │
│ x3 │ 2.72e-07 8.72e-08 1.13e-07 1.21e-10 │
└────┴─────────────────────────────────────┘ | 
minuitfit.py | minuitminosfit() | 0MB | is_valid   = True | 
minuitfit.py | minuitminosfit() | 0MB | is_accurate= False | 
minuitfit.py | printResult() | 0MB | fmin (minimized value) = 10282.948868879226 | 
minuitfit.py | printResult() | 0MB | nfcn (# of calls)      = 1041 | 
minuitfit.py | printResult() | 0MB | Center of real                 =   27.963 +- 0.025 | 
minuitfit.py | printResult() | 0MB | Center of imag.                =   89.970 +- 0.008 | 
minuitfit.py | printResult() | 0MB | Raidus                         = 1614.338 +- 0.011 | 
minuitfit.py | printResult() | 0MB | Coefficient on imag. term      =    0.973 +- 0.000 | 
fitDemodResult.py | main() | 0MB | (x0,y0) = (  27.963,   89.970) +- (0.025, 0.008) | 
fitDemodResult.py | main() | 0MB | r0 (center)                    =   94.215 +- 0.011 | 
fitDemodResult.py | main() | 0MB | theta0 (center) [rad.]         =    1.269 +- 0.000 | 
fitDemodResult.py | main() | 0MB | theta0 (center) [deg.]         =   72.734 +- 0.014 | 
fitDemodResult.py | main() | 1MB | k=0 wire angle = 0.0, fit angle = 66.8, fit angle (0deg) = 66.8 | 
fitDemodResult.py | main() | 1MB | k=0 d_fittheta = 0.0 | 
fitDemodResult.py | main() | 1MB | k=1 wire angle = 22.5, fit angle = 23.1, fit angle (0deg) = 66.8 | 
fitDemodResult.py | main() | 1MB | k=1 d_fittheta = 43.7 | 
fitDemodResult.py | main() | 1MB | k=2 wire angle = 45.0, fit angle = 339.9, fit angle (0deg) = 66.8 | 
fitDemodResult.py | main() | 1MB | k=2 d_fittheta = 87.0 | 
fitDemodResult.py | main() | 1MB | k=3 wire angle = 67.5, fit angle = 295.8, fit angle (0deg) = 66.8 | 
fitDemodResult.py | main() | 1MB | k=3 d_fittheta = 131.0 | 
fitDemodResult.py | main() | 1MB | k=4 wire angle = 90.0, fit angle = 249.9, fit angle (0deg) = 66.8 | 
fitDemodResult.py | main() | 1MB | k=4 d_fittheta = 176.9 | 
fitDemodResult.py | main() | 1MB | k=5 wire angle = 112.5, fit angle = 201.3, fit angle (0deg) = 66.8 | 
fitDemodResult.py | main() | 1MB | k=5 d_fittheta = 225.5 | 
fitDemodResult.py | main() | 1MB | k=6 wire angle = 135.0, fit angle = 154.7, fit angle (0deg) = 66.8 | 
fitDemodResult.py | main() | 1MB | k=6 d_fittheta = 272.1 | 
fitDemodResult.py | main() | 1MB | k=7 wire angle = 157.5, fit angle = 110.4, fit angle (0deg) = 66.8 | 
fitDemodResult.py | main() | 1MB | k=7 d_fittheta = 316.5 | 
fitDemodResult.py | main() | 1MB | Saving plot (plot_ver1/ver1_PB20.13.13_Comb01Ch07_demodfitresult...) | 
