warning: pydfmux is not installed! Use dummy module.
slowdaqdir = /group/cmb/polarbear/data/pb2a/slowdaq
grid_rotation_analysis.py | __main__() | 0MB | loaddata = False | 
grid_rotation_analysis.py | main() | 0MB | boloname = PB20.13.13_Comb01Ch01 | 
Open DB file : ./data/pb2a_stimulator_run223_20210223.db
Input DB table structure : ('table', 'pb2a_stimulator', 'pb2a_stimulator', 2, 'CREATE TABLE pb2a_stimulator            (run_id TEXT,run_subid TEXT,hardware_map_readout_name TEXT, Bolo_name TEXT,            tau INTEGER, tauerr INTEGER,            amp INTEGER, amperr INTEGER,            number_freq_use TEXT, hwp TEXT)')
Input DB first element : ('22300418', '1', '13.10_243.90B', 'PB20.13.10_Comb01Ch01', 0.02609481313423394, 0.0008547414483347551, 2.2029622621956464, 0.04491924853172671, '5,9,13,19,29,37,44', None)
grid_rotation_analysis.py | main() | 0MB | stimulator amp (run 22300607) = 70.29886481191804 +- 0.37965027581943817 | 
grid_rotation_analysis.py | main() | 0MB | stimulator amp (run 22300610) = 33.40412364750084 +- 0.4212268003596386 | 
grid_rotation_analysis.py | main() | 0MB | calibration constant (ADC->mK_RJ) = 1.557 +- 0.020 | 
grid_rotation_analysis.py | main() | 0MB | load data from pickle file = True | 
grid_rotation_analysis.py | main() | 0MB | input pickle file dir      = plot | 
grid_rotation_analysis.py | main() | 0MB | boloname   = PB20.13.13_Comb01Ch01 | 
OneAngleData.py | __init__() | 0MB | candidate input pickle file1: plot/PB20.13.13_Comb01Ch01/A1_0deg.pkl | 
OneAngleData.py | __init__() | 0MB | candidate input pickle file2: plot/PB20.13.13_Comb01Ch01/A1_0deg.pkl | 
OneAngleData.py | __init__() | 0MB | load data from plot/PB20.13.13_Comb01Ch01/A1_0deg.pkl | 
grid_rotation_analysis.py | main() | 0MB | boloname   = PB20.13.13_Comb01Ch01 | 
OneAngleData.py | __init__() | 0MB | candidate input pickle file1: plot/PB20.13.13_Comb01Ch01/A2_22.5deg.pkl | 
OneAngleData.py | __init__() | 0MB | candidate input pickle file2: plot/PB20.13.13_Comb01Ch01/A2_22.5deg.pkl | 
OneAngleData.py | __init__() | 0MB | load data from plot/PB20.13.13_Comb01Ch01/A2_22.5deg.pkl | 
grid_rotation_analysis.py | main() | 0MB | boloname   = PB20.13.13_Comb01Ch01 | 
OneAngleData.py | __init__() | 0MB | candidate input pickle file1: plot/PB20.13.13_Comb01Ch01/A3_45deg.pkl | 
OneAngleData.py | __init__() | 0MB | candidate input pickle file2: plot/PB20.13.13_Comb01Ch01/A3_45deg.pkl | 
OneAngleData.py | __init__() | 0MB | load data from plot/PB20.13.13_Comb01Ch01/A3_45deg.pkl | 
grid_rotation_analysis.py | main() | 0MB | boloname   = PB20.13.13_Comb01Ch01 | 
OneAngleData.py | __init__() | 0MB | candidate input pickle file1: plot/PB20.13.13_Comb01Ch01/A4_67.5deg.pkl | 
OneAngleData.py | __init__() | 0MB | candidate input pickle file2: plot/PB20.13.13_Comb01Ch01/A4_67.5deg.pkl | 
OneAngleData.py | __init__() | 0MB | load data from plot/PB20.13.13_Comb01Ch01/A4_67.5deg.pkl | 
grid_rotation_analysis.py | main() | 0MB | boloname   = PB20.13.13_Comb01Ch01 | 
OneAngleData.py | __init__() | 0MB | candidate input pickle file1: plot/PB20.13.13_Comb01Ch01/A5_90deg.pkl | 
OneAngleData.py | __init__() | 0MB | candidate input pickle file2: plot/PB20.13.13_Comb01Ch01/A5_90deg.pkl | 
OneAngleData.py | __init__() | 0MB | load data from plot/PB20.13.13_Comb01Ch01/A5_90deg.pkl | 
grid_rotation_analysis.py | main() | 0MB | boloname   = PB20.13.13_Comb01Ch01 | 
OneAngleData.py | __init__() | 0MB | candidate input pickle file1: plot/PB20.13.13_Comb01Ch01/A6_112.5deg.pkl | 
OneAngleData.py | __init__() | 0MB | candidate input pickle file2: plot/PB20.13.13_Comb01Ch01/A6_112.5deg.pkl | 
OneAngleData.py | __init__() | 0MB | load data from plot/PB20.13.13_Comb01Ch01/A6_112.5deg.pkl | 
grid_rotation_analysis.py | main() | 0MB | boloname   = PB20.13.13_Comb01Ch01 | 
OneAngleData.py | __init__() | 0MB | candidate input pickle file1: plot/PB20.13.13_Comb01Ch01/A7_135deg.pkl | 
OneAngleData.py | __init__() | 0MB | candidate input pickle file2: plot/PB20.13.13_Comb01Ch01/A7_135deg.pkl | 
OneAngleData.py | __init__() | 0MB | load data from plot/PB20.13.13_Comb01Ch01/A7_135deg.pkl | 
grid_rotation_analysis.py | main() | 0MB | boloname   = PB20.13.13_Comb01Ch01 | 
OneAngleData.py | __init__() | 0MB | candidate input pickle file1: plot/PB20.13.13_Comb01Ch01/A8_157.5deg.pkl | 
OneAngleData.py | __init__() | 0MB | candidate input pickle file2: plot/PB20.13.13_Comb01Ch01/A8_157.5deg.pkl | 
OneAngleData.py | __init__() | 0MB | load data from plot/PB20.13.13_Comb01Ch01/A8_157.5deg.pkl | 
grid_rotation_analysis.py | plotAll() | 0MB | bolonames = ['PB20.13.13_Comb01Ch01'] | 
Demod.py | get_speed() | 0MB | dangle befor unwrap = [0.01307749 0.01305765 0.01307306 ... 0.01302258 0.01301758 0.01301757] | 
Demod.py | get_speed() | 0MB | dangle after unwrap = [0.01307749 0.01305765 0.01307306 ... 0.01302258 0.01301758 0.01301757] | 
Demod.py | get_speed() | 0MB | dt_array (size:13732) = [0.00655341 0.00655365 0.00655341 ... 0.00655389 0.00655341 0.00655365] | 
Demod.py | get_speed() | 0MB | s (size:13732) = [1.99552338 1.99242342 1.99484749 ... 1.9870005  1.98638149 1.98630849] | 
Demod.py | get_speed() | 0MB | dm (size:13732) = [ True  True  True ...  True  True  True] | 
Demod.py | get_speed() | 0MB | dm==True before mask (size:13732) = [ True  True  True ...  True  True  True] | 
Demod.py | get_speed() | 0MB | s0         = 2.0003929648270824 | 
Demod.py | get_speed() | 0MB | dm after mask (size:13732) = [ True  True  True ...  True  True  True] | 
Demod.py | get_speed() | 0MB | dm==True after mask (size:13732) = [ True  True  True ...  True  True  True] | 
Demod.py | get_speed() | 0MB | dangle before mask (size:13732) = [0.01307749 0.01305765 0.01307306 ... 0.01302258 0.01301758 0.01301757] | 
Demod.py | get_speed() | 0MB | dt_array before mask (size:13732) = [0.00655341 0.00655365 0.00655341 ... 0.00655389 0.00655341 0.00655365] | 
Demod.py | get_speed() | 0MB | dangle after mask (size:13732) = [0.01307749 0.01305765 0.01307306 ... 0.01302258 0.01301758 0.01301757] | 
Demod.py | get_speed() | 0MB | dt_array after mask (size:13732) = [0.00655341 0.00655365 0.00655341 ... 0.00655389 0.00655341 0.00655365] | 
Demod.py | get_speed() | 0MB | sum of dangle before mask = 180.03252776873302 | 
Demod.py | get_speed() | 0MB | sum of dt_array before mask = 89.99403524398804 | 
Demod.py | get_speed() | 0MB | sum of dangle after mask = 180.03252776873302 | 
Demod.py | get_speed() | 0MB | sum of dt_array after mask = 89.99403524398804 | 
Demod.py | __init__() | 0MB | m_tod_size = 13733 | 
Demod.py | __init__() | 0MB | m_dt_ave   = 0.00655364990234375 | 
Demod.py | __init__() | 0MB | m_nyq      = 76.29336437718277 | 
Demod.py | __init__() | 0MB | m_speed    = 2.0004940025262385 | 
Demod.py | __init__() | 0MB | m_band         = 1.9 | 
Demod.py | __init__() | 0MB | m_demod_modes  (size:3) = [0, 2, 4] | 
Demod.py | __init__() | 0MB | m_band_narrow  = 0.1 | 
Demod.py | __init__() | 0MB | m_narrow_modes (size:4) = [0, 1, 2, 4] | 
Demod.py | __init__() | 0MB | m_all_modes    (size:4) = [0, 2, 4, 1] | 
Demod.py | defineFilters() | 0MB | band center = 2 / band width = 1.9 | 
Demod.py | defineFilters() | 0MB | band center = 4 / band width = 1.9 | 
Demod.py | defineFilters() | 0MB | band center = 1 / band width = 0.1 | 
Demod.py | defineFilters() | 0MB | band center = 2 / band width = 0.1 | 
Demod.py | defineFilters() | 0MB | band center = 4 / band width = 0.1 | 
Demod.py | get_speed() | 0MB | dangle befor unwrap = [0.01309807 0.01311813 0.01315372 ... 0.01313319 0.01313766 0.01313757] | 
Demod.py | get_speed() | 0MB | dangle after unwrap = [0.01309807 0.01311813 0.01315372 ... 0.01313319 0.01313766 0.01313757] | 
Demod.py | get_speed() | 0MB | dt_array (size:3051) = [0.00655365 0.00655365 0.00655365 ... 0.00655365 0.00655389 0.00655365] | 
Demod.py | get_speed() | 0MB | s (size:3051) = [1.99859234 2.00165265 2.00708342 ... 2.00395055 2.00456032 2.00461957] | 
Demod.py | get_speed() | 0MB | dm (size:3051) = [ True  True  True ...  True  True  True] | 
Demod.py | get_speed() | 0MB | dm==True before mask (size:3051) = [ True  True  True ...  True  True  True] | 
Demod.py | get_speed() | 0MB | s0         = 2.0012506255992153 | 
Demod.py | get_speed() | 0MB | dm after mask (size:3051) = [ True  True  True ...  True  True  True] | 
Demod.py | get_speed() | 0MB | dm==True after mask (size:3051) = [ True  True  True ...  True  True  True] | 
Demod.py | get_speed() | 0MB | dangle before mask (size:3051) = [0.01309807 0.01311813 0.01315372 ... 0.01313319 0.01313766 0.01313757] | 
Demod.py | get_speed() | 0MB | dt_array before mask (size:3051) = [0.00655365 0.00655365 0.00655365 ... 0.00655365 0.00655389 0.00655365] | 
Demod.py | get_speed() | 0MB | dangle after mask (size:3051) = [0.01309807 0.01311813 0.01315372 ... 0.01313319 0.01313766 0.01313757] | 
Demod.py | get_speed() | 0MB | dt_array after mask (size:3051) = [0.00655365 0.00655365 0.00655365 ... 0.00655365 0.00655389 0.00655365] | 
Demod.py | get_speed() | 0MB | sum of dangle before mask = 40.0008025282543 | 
Demod.py | get_speed() | 0MB | sum of dt_array before mask = 19.995033979415894 | 
Demod.py | get_speed() | 0MB | sum of dangle after mask = 40.0008025282543 | 
Demod.py | get_speed() | 0MB | sum of dt_array after mask = 19.995033979415894 | 
Demod.py | __init__() | 0MB | m_tod_size = 3052 | 
Demod.py | __init__() | 0MB | m_dt_ave   = 0.00655364990234375 | 
Demod.py | __init__() | 0MB | m_nyq      = 76.29336437718277 | 
Demod.py | __init__() | 0MB | m_speed    = 2.0005368617744566 | 
Demod.py | __init__() | 0MB | m_band         = 1.9 | 
Demod.py | __init__() | 0MB | m_demod_modes  (size:3) = [0, 2, 4] | 
Demod.py | __init__() | 0MB | m_band_narrow  = 0.1 | 
Demod.py | __init__() | 0MB | m_narrow_modes (size:4) = [0, 1, 2, 4] | 
Demod.py | __init__() | 0MB | m_all_modes    (size:4) = [0, 2, 4, 1] | 
Demod.py | defineFilters() | 0MB | band center = 2 / band width = 1.9 | 
Demod.py | defineFilters() | 0MB | band center = 4 / band width = 1.9 | 
Demod.py | defineFilters() | 0MB | band center = 1 / band width = 0.1 | 
Demod.py | defineFilters() | 0MB | band center = 2 / band width = 0.1 | 
Demod.py | defineFilters() | 0MB | band center = 4 / band width = 0.1 | 
Demod.py | get_speed() | 0MB | dangle befor unwrap = [0.0131377  0.01315762 0.01317754 ... 0.01309002 0.01310534 0.01311759] | 
Demod.py | get_speed() | 0MB | dangle after unwrap = [0.0131377  0.01315762 0.01317754 ... 0.01309002 0.01310534 0.01311759] | 
Demod.py | get_speed() | 0MB | dt_array (size:3051) = [0.00655365 0.00655341 0.00655365 ... 0.00655389 0.00655365 0.00655341] | 
Demod.py | get_speed() | 0MB | s (size:3051) = [2.00463913 2.00775079 2.01071747 ... 1.99729136 1.9997004  2.00164236] | 
Demod.py | get_speed() | 0MB | dm (size:3051) = [ True  True  True ...  True  True  True] | 
Demod.py | get_speed() | 0MB | dm==True before mask (size:3051) = [ True  True  True ...  True  True  True] | 
Demod.py | get_speed() | 0MB | s0         = 2.001123554126826 | 
Demod.py | get_speed() | 0MB | dm after mask (size:3051) = [ True  True  True ...  True  True  True] | 
Demod.py | get_speed() | 0MB | dm==True after mask (size:3051) = [ True  True  True ...  True  True  True] | 
Demod.py | get_speed() | 0MB | dangle before mask (size:3051) = [0.0131377  0.01315762 0.01317754 ... 0.01309002 0.01310534 0.01311759] | 
Demod.py | get_speed() | 0MB | dt_array before mask (size:3051) = [0.00655365 0.00655341 0.00655365 ... 0.00655389 0.00655365 0.00655341] | 
Demod.py | get_speed() | 0MB | dangle after mask (size:3051) = [0.0131377  0.01315762 0.01317754 ... 0.01309002 0.01310534 0.01311759] | 
Demod.py | get_speed() | 0MB | dt_array after mask (size:3051) = [0.00655365 0.00655341 0.00655365 ... 0.00655389 0.00655365 0.00655341] | 
Demod.py | get_speed() | 0MB | sum of dangle before mask = 40.00011570902437 | 
Demod.py | get_speed() | 0MB | sum of dt_array before mask = 19.995033740997314 | 
Demod.py | get_speed() | 0MB | sum of dangle after mask = 40.00011570902437 | 
Demod.py | get_speed() | 0MB | sum of dt_array after mask = 19.995033740997314 | 
Demod.py | __init__() | 0MB | m_tod_size = 3052 | 
Demod.py | __init__() | 0MB | m_dt_ave   = 0.00655364990234375 | 
Demod.py | __init__() | 0MB | m_nyq      = 76.29336437718277 | 
Demod.py | __init__() | 0MB | m_speed    = 2.0005025361377182 | 
Demod.py | __init__() | 0MB | m_band         = 1.9 | 
Demod.py | __init__() | 0MB | m_demod_modes  (size:3) = [0, 2, 4] | 
Demod.py | __init__() | 0MB | m_band_narrow  = 0.1 | 
Demod.py | __init__() | 0MB | m_narrow_modes (size:4) = [0, 1, 2, 4] | 
Demod.py | __init__() | 0MB | m_all_modes    (size:4) = [0, 2, 4, 1] | 
Demod.py | defineFilters() | 0MB | band center = 2 / band width = 1.9 | 
Demod.py | defineFilters() | 0MB | band center = 4 / band width = 1.9 | 
Demod.py | defineFilters() | 0MB | band center = 1 / band width = 0.1 | 
Demod.py | defineFilters() | 0MB | band center = 2 / band width = 0.1 | 
Demod.py | defineFilters() | 0MB | band center = 4 / band width = 0.1 | 
Demod.py | get_speed() | 0MB | dangle befor unwrap = [0.01317771 0.01317768 0.0131775  ... 0.01313773 0.01317766 0.01319758] | 
Demod.py | get_speed() | 0MB | dangle after unwrap = [0.01317771 0.01317768 0.0131775  ... 0.01313773 0.01317766 0.01319758] | 
Demod.py | get_speed() | 0MB | dt_array (size:3051) = [0.00655341 0.00655341 0.00655365 ... 0.00655389 0.00655365 0.00655317] | 
Demod.py | get_speed() | 0MB | s (size:3051) = [2.01081612 2.01081249 2.01071102 ... 2.0045709  2.01073586 2.01392137] | 
Demod.py | get_speed() | 0MB | dm (size:3051) = [ True  True  True ...  True  True  True] | 
Demod.py | get_speed() | 0MB | dm==True before mask (size:3051) = [ True  True  True ...  True  True  True] | 
Demod.py | get_speed() | 0MB | s0         = 2.00137365708224 | 
Demod.py | get_speed() | 0MB | dm after mask (size:3051) = [ True  True  True ...  True  True  True] | 
Demod.py | get_speed() | 0MB | dm==True after mask (size:3051) = [ True  True  True ...  True  True  True] | 
Demod.py | get_speed() | 0MB | dangle before mask (size:3051) = [0.01317771 0.01317768 0.0131775  ... 0.01313773 0.01317766 0.01319758] | 
Demod.py | get_speed() | 0MB | dt_array before mask (size:3051) = [0.00655341 0.00655341 0.00655365 ... 0.00655389 0.00655365 0.00655317] | 
Demod.py | get_speed() | 0MB | dangle after mask (size:3051) = [0.01317771 0.01317768 0.0131775  ... 0.01313773 0.01317766 0.01319758] | 
Demod.py | get_speed() | 0MB | dt_array after mask (size:3051) = [0.00655341 0.00655341 0.00655365 ... 0.00655389 0.00655365 0.00655317] | 
Demod.py | get_speed() | 0MB | sum of dangle before mask = 39.99989853089737 | 
Demod.py | get_speed() | 0MB | sum of dt_array before mask = 19.995033264160156 | 
Demod.py | get_speed() | 0MB | sum of dangle after mask = 39.99989853089737 | 
Demod.py | get_speed() | 0MB | sum of dt_array after mask = 19.995033264160156 | 
Demod.py | __init__() | 0MB | m_tod_size = 3052 | 
Demod.py | __init__() | 0MB | m_dt_ave   = 0.00655364990234375 | 
Demod.py | __init__() | 0MB | m_nyq      = 76.29336437718277 | 
Demod.py | __init__() | 0MB | m_speed    = 2.000491722241577 | 
Demod.py | __init__() | 0MB | m_band         = 1.9 | 
Demod.py | __init__() | 0MB | m_demod_modes  (size:3) = [0, 2, 4] | 
Demod.py | __init__() | 0MB | m_band_narrow  = 0.1 | 
Demod.py | __init__() | 0MB | m_narrow_modes (size:4) = [0, 1, 2, 4] | 
Demod.py | __init__() | 0MB | m_all_modes    (size:4) = [0, 2, 4, 1] | 
Demod.py | defineFilters() | 0MB | band center = 2 / band width = 1.9 | 
Demod.py | defineFilters() | 0MB | band center = 4 / band width = 1.9 | 
Demod.py | defineFilters() | 0MB | band center = 1 / band width = 0.1 | 
Demod.py | defineFilters() | 0MB | band center = 2 / band width = 0.1 | 
Demod.py | defineFilters() | 0MB | band center = 4 / band width = 0.1 | 
Demod.py | get_speed() | 0MB | dangle befor unwrap = [0.01324856 0.01326666 0.01325776 ... 0.01317009 0.01316543 0.01317763] | 
Demod.py | get_speed() | 0MB | dangle after unwrap = [0.01324856 0.01326666 0.01325776 ... 0.01317009 0.01316543 0.01317763] | 
Demod.py | get_speed() | 0MB | dt_array (size:13732) = [0.00655365 0.00655365 0.00655365 ... 0.00655365 0.00655365 0.00655317] | 
Demod.py | get_speed() | 0MB | s (size:13732) = [2.02155369 2.02431611 2.02295837 ... 2.0095807  2.0088698  2.01087784] | 
Demod.py | get_speed() | 0MB | dm (size:13732) = [ True  True  True ...  True  True  True] | 
Demod.py | get_speed() | 0MB | dm==True before mask (size:13732) = [ True  True  True ...  True  True  True] | 
Demod.py | get_speed() | 0MB | s0         = 2.0013742912179944 | 
Demod.py | get_speed() | 0MB | dm after mask (size:13732) = [ True  True  True ...  True  True  True] | 
Demod.py | get_speed() | 0MB | dm==True after mask (size:13732) = [ True  True  True ...  True  True  True] | 
Demod.py | get_speed() | 0MB | dangle before mask (size:13732) = [0.01324856 0.01326666 0.01325776 ... 0.01317009 0.01316543 0.01317763] | 
Demod.py | get_speed() | 0MB | dt_array before mask (size:13732) = [0.00655365 0.00655365 0.00655365 ... 0.00655365 0.00655365 0.00655317] | 
Demod.py | get_speed() | 0MB | dangle after mask (size:13732) = [0.01324856 0.01326666 0.01325776 ... 0.01317009 0.01316543 0.01317763] | 
Demod.py | get_speed() | 0MB | dt_array after mask (size:13732) = [0.00655365 0.00655365 0.00655365 ... 0.00655365 0.00655365 0.00655317] | 
Demod.py | get_speed() | 0MB | sum of dangle before mask = 180.03346576760515 | 
Demod.py | get_speed() | 0MB | sum of dt_array before mask = 89.99403524398804 | 
Demod.py | get_speed() | 0MB | sum of dangle after mask = 180.03346576760515 | 
Demod.py | get_speed() | 0MB | sum of dt_array after mask = 89.99403524398804 | 
Demod.py | __init__() | 0MB | m_tod_size = 13733 | 
Demod.py | __init__() | 0MB | m_dt_ave   = 0.00655364990234375 | 
Demod.py | __init__() | 0MB | m_nyq      = 76.29336437718277 | 
Demod.py | __init__() | 0MB | m_speed    = 2.0005044254267075 | 
Demod.py | __init__() | 0MB | m_band         = 1.9 | 
Demod.py | __init__() | 0MB | m_demod_modes  (size:3) = [0, 2, 4] | 
Demod.py | __init__() | 0MB | m_band_narrow  = 0.1 | 
Demod.py | __init__() | 0MB | m_narrow_modes (size:4) = [0, 1, 2, 4] | 
Demod.py | __init__() | 0MB | m_all_modes    (size:4) = [0, 2, 4, 1] | 
Demod.py | defineFilters() | 0MB | band center = 2 / band width = 1.9 | 
Demod.py | defineFilters() | 0MB | band center = 4 / band width = 1.9 | 
Demod.py | defineFilters() | 0MB | band center = 1 / band width = 0.1 | 
Demod.py | defineFilters() | 0MB | band center = 2 / band width = 0.1 | 
Demod.py | defineFilters() | 0MB | band center = 4 / band width = 0.1 | 
Demod.py | get_speed() | 0MB | dangle befor unwrap = [0.0132991  0.01329775 0.01329771 ... 0.01316834 0.01316711 0.01315771] | 
Demod.py | get_speed() | 0MB | dangle after unwrap = [0.0132991  0.01329775 0.01329771 ... 0.01316834 0.01316711 0.01315771] | 
Demod.py | get_speed() | 0MB | dt_array (size:3050) = [0.00655341 0.00655365 0.00655365 ... 0.00655389 0.00655365 0.00655317] | 
Demod.py | get_speed() | 0MB | s (size:3050) = [2.02934003 2.02906051 2.02905437 ... 2.0092403  2.00912572 2.00783801] | 
Demod.py | get_speed() | 0MB | dm (size:3050) = [ True  True  True ...  True  True  True] | 
Demod.py | get_speed() | 0MB | dm==True before mask (size:3050) = [ True  True  True ...  True  True  True] | 
Demod.py | get_speed() | 0MB | s0         = 2.0015860555303426 | 
Demod.py | get_speed() | 0MB | dm after mask (size:3050) = [ True  True  True ...  True  True  True] | 
Demod.py | get_speed() | 0MB | dm==True after mask (size:3050) = [ True  True  True ...  True  True  True] | 
Demod.py | get_speed() | 0MB | dangle before mask (size:3050) = [0.0132991  0.01329775 0.01329771 ... 0.01316834 0.01316711 0.01315771] | 
Demod.py | get_speed() | 0MB | dt_array before mask (size:3050) = [0.00655341 0.00655365 0.00655365 ... 0.00655389 0.00655365 0.00655317] | 
Demod.py | get_speed() | 0MB | dangle after mask (size:3050) = [0.0132991  0.01329775 0.01329771 ... 0.01316834 0.01316711 0.01315771] | 
Demod.py | get_speed() | 0MB | dt_array after mask (size:3050) = [0.00655341 0.00655365 0.00655365 ... 0.00655389 0.00655365 0.00655317] | 
Demod.py | get_speed() | 0MB | sum of dangle before mask = 39.98689786373057 | 
Demod.py | get_speed() | 0MB | sum of dt_array before mask = 19.98847985267639 | 
Demod.py | get_speed() | 0MB | sum of dangle after mask = 39.98689786373057 | 
Demod.py | get_speed() | 0MB | sum of dt_array after mask = 19.98847985267639 | 
Demod.py | __init__() | 0MB | m_tod_size = 3051 | 
Demod.py | __init__() | 0MB | m_dt_ave   = 0.00655364990234375 | 
Demod.py | __init__() | 0MB | m_nyq      = 76.29336437718277 | 
Demod.py | __init__() | 0MB | m_speed    = 2.0004971943064724 | 
Demod.py | __init__() | 0MB | m_band         = 1.9 | 
Demod.py | __init__() | 0MB | m_demod_modes  (size:3) = [0, 2, 4] | 
Demod.py | __init__() | 0MB | m_band_narrow  = 0.1 | 
Demod.py | __init__() | 0MB | m_narrow_modes (size:4) = [0, 1, 2, 4] | 
Demod.py | __init__() | 0MB | m_all_modes    (size:4) = [0, 2, 4, 1] | 
Demod.py | defineFilters() | 0MB | band center = 2 / band width = 1.9 | 
Demod.py | defineFilters() | 0MB | band center = 4 / band width = 1.9 | 
Demod.py | defineFilters() | 0MB | band center = 1 / band width = 0.1 | 
Demod.py | defineFilters() | 0MB | band center = 2 / band width = 0.1 | 
Demod.py | defineFilters() | 0MB | band center = 4 / band width = 0.1 | 
Demod.py | get_speed() | 0MB | dangle befor unwrap = [0.01311097 0.01309767 0.01307778 ... 0.01319774 0.01315775 0.01316245] | 
Demod.py | get_speed() | 0MB | dangle after unwrap = [0.01311097 0.01309767 0.01307778 ... 0.01319774 0.01315775 0.01316245] | 
Demod.py | get_speed() | 0MB | dt_array (size:3051) = [0.00655365 0.00655365 0.00655365 ... 0.00655317 0.00655365 0.00655365] | 
Demod.py | get_speed() | 0MB | s (size:3051) = [2.00056069 1.99853112 1.9954959  ... 2.01394637 2.00769876 2.00841546] | 
Demod.py | get_speed() | 0MB | dm (size:3051) = [ True  True  True ...  True  True  True] | 
Demod.py | get_speed() | 0MB | dm==True before mask (size:3051) = [ True  True  True ...  True  True  True] | 
Demod.py | get_speed() | 0MB | s0         = 2.001583717840452 | 
Demod.py | get_speed() | 0MB | dm after mask (size:3051) = [ True  True  True ...  True  True  True] | 
Demod.py | get_speed() | 0MB | dm==True after mask (size:3051) = [ True  True  True ...  True  True  True] | 
Demod.py | get_speed() | 0MB | dangle before mask (size:3051) = [0.01311097 0.01309767 0.01307778 ... 0.01319774 0.01315775 0.01316245] | 
Demod.py | get_speed() | 0MB | dt_array before mask (size:3051) = [0.00655365 0.00655365 0.00655365 ... 0.00655317 0.00655365 0.00655365] | 
Demod.py | get_speed() | 0MB | dangle after mask (size:3051) = [0.01311097 0.01309767 0.01307778 ... 0.01319774 0.01315775 0.01316245] | 
Demod.py | get_speed() | 0MB | dt_array after mask (size:3051) = [0.00655365 0.00655365 0.00655365 ... 0.00655317 0.00655365 0.00655365] | 
Demod.py | get_speed() | 0MB | sum of dangle before mask = 40.00017253933669 | 
Demod.py | get_speed() | 0MB | sum of dt_array before mask = 19.995033740997314 | 
Demod.py | get_speed() | 0MB | sum of dangle after mask = 40.00017253933669 | 
Demod.py | get_speed() | 0MB | sum of dt_array after mask = 19.995033740997314 | 
Demod.py | __init__() | 0MB | m_tod_size = 3052 | 
Demod.py | __init__() | 0MB | m_dt_ave   = 0.00655364990234375 | 
Demod.py | __init__() | 0MB | m_nyq      = 76.29336437718277 | 
Demod.py | __init__() | 0MB | m_speed    = 2.0005053783590943 | 
Demod.py | __init__() | 0MB | m_band         = 1.9 | 
Demod.py | __init__() | 0MB | m_demod_modes  (size:3) = [0, 2, 4] | 
Demod.py | __init__() | 0MB | m_band_narrow  = 0.1 | 
Demod.py | __init__() | 0MB | m_narrow_modes (size:4) = [0, 1, 2, 4] | 
Demod.py | __init__() | 0MB | m_all_modes    (size:4) = [0, 2, 4, 1] | 
Demod.py | defineFilters() | 0MB | band center = 2 / band width = 1.9 | 
Demod.py | defineFilters() | 0MB | band center = 4 / band width = 1.9 | 
Demod.py | defineFilters() | 0MB | band center = 1 / band width = 0.1 | 
Demod.py | defineFilters() | 0MB | band center = 2 / band width = 0.1 | 
Demod.py | defineFilters() | 0MB | band center = 4 / band width = 0.1 | 
Demod.py | get_speed() | 0MB | dangle befor unwrap = [0.01311679 0.01307091 0.01306569 ... 0.01315801 0.01315781 0.01313774] | 
Demod.py | get_speed() | 0MB | dangle after unwrap = [0.01311679 0.01307091 0.01306569 ... 0.01315801 0.01315781 0.01313774] | 
Demod.py | get_speed() | 0MB | dt_array (size:3051) = [0.00655341 0.00655365 0.00655365 ... 0.00655389 0.00655365 0.00655317] | 
Demod.py | get_speed() | 0MB | s (size:3051) = [2.00152114 1.9944479  1.99365156 ... 2.00766439 2.00770648 2.00479066] | 
Demod.py | get_speed() | 0MB | dm (size:3051) = [ True  True  True ...  True  True  True] | 
Demod.py | get_speed() | 0MB | dm==True before mask (size:3051) = [ True  True  True ...  True  True  True] | 
Demod.py | get_speed() | 0MB | s0         = 2.0002067892517066 | 
Demod.py | get_speed() | 0MB | dm after mask (size:3051) = [ True  True  True ...  True  True  True] | 
Demod.py | get_speed() | 0MB | dm==True after mask (size:3051) = [ True  True  True ...  True  True  True] | 
Demod.py | get_speed() | 0MB | dangle before mask (size:3051) = [0.01311679 0.01307091 0.01306569 ... 0.01315801 0.01315781 0.01313774] | 
Demod.py | get_speed() | 0MB | dt_array before mask (size:3051) = [0.00655341 0.00655365 0.00655365 ... 0.00655389 0.00655365 0.00655317] | 
Demod.py | get_speed() | 0MB | dangle after mask (size:3051) = [0.01311679 0.01307091 0.01306569 ... 0.01315801 0.01315781 0.01313774] | 
Demod.py | get_speed() | 0MB | dt_array after mask (size:3051) = [0.00655341 0.00655365 0.00655365 ... 0.00655389 0.00655365 0.00655317] | 
Demod.py | get_speed() | 0MB | sum of dangle before mask = 39.99979767721962 | 
Demod.py | get_speed() | 0MB | sum of dt_array before mask = 19.995033502578735 | 
Demod.py | get_speed() | 0MB | sum of dangle after mask = 39.99979767721962 | 
Demod.py | get_speed() | 0MB | sum of dt_array after mask = 19.995033502578735 | 
Demod.py | __init__() | 0MB | m_tod_size = 3052 | 
Demod.py | __init__() | 0MB | m_dt_ave   = 0.00655364990234375 | 
Demod.py | __init__() | 0MB | m_nyq      = 76.29336437718277 | 
Demod.py | __init__() | 0MB | m_speed    = 2.000486654451511 | 
Demod.py | __init__() | 0MB | m_band         = 1.9 | 
Demod.py | __init__() | 0MB | m_demod_modes  (size:3) = [0, 2, 4] | 
Demod.py | __init__() | 0MB | m_band_narrow  = 0.1 | 
Demod.py | __init__() | 0MB | m_narrow_modes (size:4) = [0, 1, 2, 4] | 
Demod.py | __init__() | 0MB | m_all_modes    (size:4) = [0, 2, 4, 1] | 
Demod.py | defineFilters() | 0MB | band center = 2 / band width = 1.9 | 
Demod.py | defineFilters() | 0MB | band center = 4 / band width = 1.9 | 
Demod.py | defineFilters() | 0MB | band center = 1 / band width = 0.1 | 
Demod.py | defineFilters() | 0MB | band center = 2 / band width = 0.1 | 
Demod.py | defineFilters() | 0MB | band center = 4 / band width = 0.1 | 
grid_rotation_analysis.py | plotAll() | 0MB | theta_det for demod = 0.0 | 
grid_rotation_analysis.py | plotAll() | 0MB | demod mode=0 (nominal) for angleI=0 (wire 0deg.) | 
Demod.py | demod() | 0MB | demod mode=0 / isnarrow=False | 
grid_rotation_analysis.py | plotAll() | 0MB | demod mode=2 (nominal) for angleI=0 (wire 0deg.) | 
Demod.py | demod() | 0MB | demod mode=2 / isnarrow=False | 
Demod.py | demod() | 0MB | fbpf (size:19683) = [ 0.0001128 +3.46944695e-18j  0.00235264-3.87205115e-04j
  0.00505244-1.70939776e-03j ... -0.00305383-1.62637973e-03j
 -0.00258497-8.74575556e-04j -0.00154356-2.54043921e-04j] | 
Demod.py | demod() | 0MB | flpf (size:19683) = [1.        -0.j         0.98672493-0.16239836j 0.94725222-0.3204848j  ...
 0.88262999+0.47006192j 0.94725222+0.3204848j  0.98672493+0.16239836j] | 
grid_rotation_analysis.py | plotAll() | 0MB | demod mode=4 (nominal) for angleI=0 (wire 0deg.) | 
Demod.py | demod() | 0MB | demod mode=4 / isnarrow=False | 
Demod.py | demod() | 0MB | fbpf (size:19683) = [-3.12348863e-07+3.06287114e-18j  9.69815717e-05-1.59615386e-05j
  1.84297887e-04-6.23536904e-05j ... -2.50625235e-04-1.33475386e-04j
 -1.83765713e-04-6.21736394e-05j -9.73014005e-05-1.60141770e-05j] | 
Demod.py | demod() | 0MB | flpf (size:19683) = [1.        -0.j         0.98672493-0.16239836j 0.94725222-0.3204848j  ...
 0.88262999+0.47006192j 0.94725222+0.3204848j  0.98672493+0.16239836j] | 
grid_rotation_analysis.py | plotAll() | 0MB | demod mode=0 (narrow) for angleI=0 (wire 0deg.) | 
Demod.py | demod() | 0MB | demod mode=0 / isnarrow=True | 
grid_rotation_analysis.py | plotAll() | 0MB | demod mode=1 (narrow) for angleI=0 (wire 0deg.) | 
Demod.py | demod() | 0MB | demod mode=1 / isnarrow=True | 
Demod.py | demod() | 0MB | fbpf (size:19683) = [-4.22645056e-07+3.63207728e-18j  2.28276588e-05-3.75704941e-06j
  4.39520449e-05-1.48703398e-05j ... -5.88659306e-05-3.13502062e-05j
 -4.35063249e-05-1.47195389e-05j -2.33328566e-05-3.84019649e-06j] | 
Demod.py | demod() | 0MB | flpf (size:19683) = [1.        -0.j         0.98588023-0.16225933j 0.94401078-0.31938812j ...
 0.87584201+0.46644685j 0.94401078+0.31938812j 0.98588023+0.16225933j] | 
grid_rotation_analysis.py | plotAll() | 0MB | demod mode=2 (narrow) for angleI=0 (wire 0deg.) | 
Demod.py | demod() | 0MB | demod mode=2 / isnarrow=True | 
Demod.py | demod() | 0MB | fbpf (size:19683) = [ 6.27707580e-07+4.60785923e-19j -1.51398554e-04+2.49176603e-05j
 -2.87961889e-04+9.74264369e-05j ...  3.91065176e-04+2.08269432e-04j
  2.86904337e-04+9.70686344e-05j  1.52044442e-04+2.50239626e-05j] | 
Demod.py | demod() | 0MB | flpf (size:19683) = [1.        -0.j         0.98588023-0.16225933j 0.94401078-0.31938812j ...
 0.87584201+0.46644685j 0.94401078+0.31938812j 0.98588023+0.16225933j] | 
grid_rotation_analysis.py | plotAll() | 0MB | demod mode=4 (narrow) for angleI=0 (wire 0deg.) | 
Demod.py | demod() | 0MB | demod mode=4 / isnarrow=True | 
Demod.py | demod() | 0MB | fbpf (size:19683) = [-6.75570217e-09-1.02999206e-18j  1.61624204e-06-2.66006306e-07j
  3.07428109e-06-1.04012463e-06j ... -4.17425172e-06-2.22307965e-06j
 -3.06258949e-06-1.03616900e-06j -1.62311163e-06-2.67136926e-07j] | 
Demod.py | demod() | 0MB | flpf (size:19683) = [1.        -0.j         0.98588023-0.16225933j 0.94401078-0.31938812j ...
 0.87584201+0.46644685j 0.94401078+0.31938812j 0.98588023+0.16225933j] | 
bounds =  [0.07300347222222223, 0.797774470899471, 0.6863715277777778, 0.11951719576719577]
grid_rotation_analysis.py | plotDemodFigure() | 0MB | Saving plot (plot_ver1/ver1_PB20.13.13_Comb01Ch01_demod_angle0...) | 
grid_rotation_analysis.py | plotDemodFigure() | 0MB | Saving plot (plot_ver1/ver1_PB20.13.13_Comb01Ch01_demod_angle_timecut0...) | 
grid_rotation_analysis.py | plotAll() | 0MB | theta_det for demod = 0.0 | 
grid_rotation_analysis.py | plotAll() | 0MB | demod mode=0 (nominal) for angleI=1 (wire 22.5deg.) | 
Demod.py | demod() | 0MB | demod mode=0 / isnarrow=False | 
grid_rotation_analysis.py | plotAll() | 0MB | demod mode=2 (nominal) for angleI=1 (wire 22.5deg.) | 
Demod.py | demod() | 0MB | demod mode=2 / isnarrow=False | 
Demod.py | demod() | 0MB | fbpf (size:6144) = [ 1.12802241e-04+4.17541502e-17j  8.58074549e-03-4.94240244e-03j
  1.43170551e-02-2.46811491e-02j ... -7.02333710e-06-2.28924479e-03j
 -1.84319807e-03-3.17748629e-03j -3.08701216e-03-1.77808053e-03j] | 
Demod.py | demod() | 0MB | flpf (size:6144) = [1.        -0.j         0.86653339-0.49911243j 0.50176373-0.86498972j ...
 0.00306787+0.99996748j 0.50176373+0.86498972j 0.86653339+0.49911243j] | 
grid_rotation_analysis.py | plotAll() | 0MB | demod mode=4 (nominal) for angleI=1 (wire 22.5deg.) | 
Demod.py | demod() | 0MB | demod mode=4 / isnarrow=False | 
Demod.py | demod() | 0MB | fbpf (size:6144) = [-3.12348883e-07-4.38155482e-18j  2.63185206e-04-1.51591398e-04j
  2.65467626e-04-4.57639228e-04j ... -1.83196267e-06-5.97125121e-04j
 -2.60621244e-04-4.49284558e-04j -2.61160774e-04-1.50425351e-04j] | 
Demod.py | demod() | 0MB | flpf (size:6144) = [1.        -0.j         0.86653339-0.49911243j 0.50176373-0.86498972j ...
 0.00306787+0.99996748j 0.50176373+0.86498972j 0.86653339+0.49911243j] | 
grid_rotation_analysis.py | plotAll() | 0MB | demod mode=0 (narrow) for angleI=1 (wire 22.5deg.) | 
Demod.py | demod() | 0MB | demod mode=0 / isnarrow=True | 
grid_rotation_analysis.py | plotAll() | 0MB | demod mode=1 (narrow) for angleI=1 (wire 22.5deg.) | 
Demod.py | demod() | 0MB | demod mode=1 / isnarrow=True | 
Demod.py | demod() | 0MB | fbpf (size:6144) = [-4.22633513e-07+3.55972788e-18j  6.33646855e-05-3.64972690e-05j
  6.52307828e-05-1.12451245e-04j ... -4.13623639e-07-1.34819922e-04j
 -5.99258995e-05-1.03306165e-04j -6.12512471e-05-3.52799548e-05j] | 
Demod.py | demod() | 0MB | flpf (size:6144) = [1.        -0.j         0.85893634-0.49473662j 0.48429192-0.83487008j ...
 0.00283042+0.92257108j 0.48429192+0.83487008j 0.85893634+0.49473662j] | 
grid_rotation_analysis.py | plotAll() | 0MB | demod mode=2 (narrow) for angleI=1 (wire 22.5deg.) | 
Demod.py | demod() | 0MB | demod mode=2 / isnarrow=True | 
Demod.py | demod() | 0MB | fbpf (size:6144) = [ 6.27679359e-07-4.93215441e-18j -4.11484335e-04+2.37009848e-04j
 -4.15682287e-04+7.16594048e-04j ...  2.84987447e-06+9.28911742e-04j
  4.05997578e-04+6.99898594e-04j  4.07443333e-04+2.34682281e-04j] | 
Demod.py | demod() | 0MB | flpf (size:6144) = [1.        -0.j         0.85893634-0.49473662j 0.48429192-0.83487008j ...
 0.00283042+0.92257108j 0.48429192+0.83487008j 0.85893634+0.49473662j] | 
grid_rotation_analysis.py | plotAll() | 0MB | demod mode=4 (narrow) for angleI=1 (wire 22.5deg.) | 
Demod.py | demod() | 0MB | demod mode=4 / isnarrow=True | 
Demod.py | demod() | 0MB | fbpf (size:6144) = [-6.75695551e-09-1.07415115e-17j  4.39423869e-06-2.53102671e-06j
  4.43954955e-06-7.65333256e-06j ... -3.04159481e-08-9.91402659e-06j
 -4.33388276e-06-7.47117376e-06j -4.35003115e-06-2.50556372e-06j] | 
Demod.py | demod() | 0MB | flpf (size:6144) = [1.        -0.j         0.85893634-0.49473662j 0.48429192-0.83487008j ...
 0.00283042+0.92257108j 0.48429192+0.83487008j 0.85893634+0.49473662j] | 
grid_rotation_analysis.py | plotDemodFigure() | 0MB | Saving plot (plot_ver1/ver1_PB20.13.13_Comb01Ch01_demod_angle1...) | 
grid_rotation_analysis.py | plotDemodFigure() | 0MB | Saving plot (plot_ver1/ver1_PB20.13.13_Comb01Ch01_demod_angle_timecut1...) | 
grid_rotation_analysis.py | plotAll() | 0MB | theta_det for demod = 0.0 | 
grid_rotation_analysis.py | plotAll() | 0MB | demod mode=0 (nominal) for angleI=2 (wire 45.0deg.) | 
Demod.py | demod() | 0MB | demod mode=0 / isnarrow=False | 
grid_rotation_analysis.py | plotAll() | 0MB | demod mode=2 (nominal) for angleI=2 (wire 45.0deg.) | 
Demod.py | demod() | 0MB | demod mode=2 / isnarrow=False | 
Demod.py | demod() | 0MB | fbpf (size:6144) = [ 1.12802239e-04-1.12754188e-17j  8.58074534e-03-4.94240236e-03j
  1.43170549e-02-2.46811486e-02j ... -7.02333697e-06-2.28924475e-03j
 -1.84319804e-03-3.17748623e-03j -3.08701211e-03-1.77808049e-03j] | 
Demod.py | demod() | 0MB | flpf (size:6144) = [1.        -0.j         0.86653329-0.49911237j 0.50176352-0.86498935j ...
 0.00306787+0.99996661j 0.50176352+0.86498935j 0.86653329+0.49911237j] | 
grid_rotation_analysis.py | plotAll() | 0MB | demod mode=4 (nominal) for angleI=2 (wire 45.0deg.) | 
Demod.py | demod() | 0MB | demod mode=4 / isnarrow=False | 
Demod.py | demod() | 0MB | fbpf (size:6144) = [-3.12348867e-07-1.14075688e-17j  2.63185193e-04-1.51591390e-04j
  2.65467613e-04-4.57639205e-04j ... -1.83196258e-06-5.97125091e-04j
 -2.60621231e-04-4.49284535e-04j -2.61160761e-04-1.50425343e-04j] | 
Demod.py | demod() | 0MB | flpf (size:6144) = [1.        -0.j         0.86653329-0.49911237j 0.50176352-0.86498935j ...
 0.00306787+0.99996661j 0.50176352+0.86498935j 0.86653329+0.49911237j] | 
grid_rotation_analysis.py | plotAll() | 0MB | demod mode=0 (narrow) for angleI=2 (wire 45.0deg.) | 
Demod.py | demod() | 0MB | demod mode=0 / isnarrow=True | 
grid_rotation_analysis.py | plotAll() | 0MB | demod mode=1 (narrow) for angleI=2 (wire 45.0deg.) | 
Demod.py | demod() | 0MB | demod mode=1 / isnarrow=True | 
Demod.py | demod() | 0MB | fbpf (size:6144) = [-4.22642754e-07+1.44932912e-18j  6.33660710e-05-3.64980670e-05j
  6.52322092e-05-1.12453704e-04j ... -4.13632684e-07-1.34822870e-04j
 -5.99272098e-05-1.03308424e-04j -6.12525865e-05-3.52807263e-05j] | 
Demod.py | demod() | 0MB | flpf (size:6144) = [1.        -0.j         0.85893604-0.49473645j 0.48429125-0.83486893j ...
 0.00283041+0.92256825j 0.48429125+0.83486893j 0.85893604+0.49473645j] | 
grid_rotation_analysis.py | plotAll() | 0MB | demod mode=2 (narrow) for angleI=2 (wire 45.0deg.) | 
Demod.py | demod() | 0MB | demod mode=2 / isnarrow=True | 
Demod.py | demod() | 0MB | fbpf (size:6144) = [ 6.27701953e-07+2.60973043e-18j -4.11499147e-04+2.37018379e-04j
 -4.15697250e-04+7.16619843e-04j ...  2.84997706e-06+9.28945179e-04j
  4.06012193e-04+6.99923788e-04j  4.07458000e-04+2.34690729e-04j] | 
Demod.py | demod() | 0MB | flpf (size:6144) = [1.        -0.j         0.85893604-0.49473645j 0.48429125-0.83486893j ...
 0.00283041+0.92256825j 0.48429125+0.83486893j 0.85893604+0.49473645j] | 
grid_rotation_analysis.py | plotAll() | 0MB | demod mode=4 (narrow) for angleI=2 (wire 45.0deg.) | 
Demod.py | demod() | 0MB | demod mode=4 / isnarrow=True | 
Demod.py | demod() | 0MB | fbpf (size:6144) = [-6.75595093e-09-1.33413367e-17j  4.39358538e-06-2.53065041e-06j
  4.43888950e-06-7.65219471e-06j ... -3.04114260e-08-9.91255263e-06j
 -4.33323842e-06-7.47006299e-06j -4.34938441e-06-2.50519121e-06j] | 
Demod.py | demod() | 0MB | flpf (size:6144) = [1.        -0.j         0.85893604-0.49473645j 0.48429125-0.83486893j ...
 0.00283041+0.92256825j 0.48429125+0.83486893j 0.85893604+0.49473645j] | 
grid_rotation_analysis.py | plotDemodFigure() | 0MB | Saving plot (plot_ver1/ver1_PB20.13.13_Comb01Ch01_demod_angle2...) | 
grid_rotation_analysis.py | plotDemodFigure() | 0MB | Saving plot (plot_ver1/ver1_PB20.13.13_Comb01Ch01_demod_angle_timecut2...) | 
grid_rotation_analysis.py | plotAll() | 0MB | theta_det for demod = 0.0 | 
grid_rotation_analysis.py | plotAll() | 0MB | demod mode=0 (nominal) for angleI=3 (wire 67.5deg.) | 
Demod.py | demod() | 0MB | demod mode=0 / isnarrow=False | 
grid_rotation_analysis.py | plotAll() | 0MB | demod mode=2 (nominal) for angleI=3 (wire 67.5deg.) | 
Demod.py | demod() | 0MB | demod mode=2 / isnarrow=False | 
Demod.py | demod() | 0MB | fbpf (size:6144) = [ 1.12802238e-04-2.49369927e-18j  8.58074529e-03-4.94240233e-03j
  1.43170548e-02-2.46811485e-02j ... -7.02333693e-06-2.28924474e-03j
 -1.84319803e-03-3.17748621e-03j -3.08701209e-03-1.77808048e-03j] | 
Demod.py | demod() | 0MB | flpf (size:6144) = [1.        -0.j         0.86653326-0.49911236j 0.50176345-0.86498923j ...
 0.00306787+0.99996634j 0.50176345+0.86498923j 0.86653326+0.49911236j] | 
grid_rotation_analysis.py | plotAll() | 0MB | demod mode=4 (nominal) for angleI=3 (wire 67.5deg.) | 
Demod.py | demod() | 0MB | demod mode=4 / isnarrow=False | 
Demod.py | demod() | 0MB | fbpf (size:6144) = [-3.12348862e-07-5.14372101e-17j  2.63185188e-04-1.51591388e-04j
  2.65467609e-04-4.57639198e-04j ... -1.83196255e-06-5.97125081e-04j
 -2.60621227e-04-4.49284528e-04j -2.61160757e-04-1.50425341e-04j] | 
Demod.py | demod() | 0MB | flpf (size:6144) = [1.        -0.j         0.86653326-0.49911236j 0.50176345-0.86498923j ...
 0.00306787+0.99996634j 0.50176345+0.86498923j 0.86653326+0.49911236j] | 
grid_rotation_analysis.py | plotAll() | 0MB | demod mode=0 (narrow) for angleI=3 (wire 67.5deg.) | 
Demod.py | demod() | 0MB | demod mode=0 / isnarrow=True | 
grid_rotation_analysis.py | plotAll() | 0MB | demod mode=1 (narrow) for angleI=3 (wire 67.5deg.) | 
Demod.py | demod() | 0MB | demod mode=1 / isnarrow=True | 
Demod.py | demod() | 0MB | fbpf (size:6144) = [-4.22645671e-07+2.94956684e-18j  6.33665083e-05-3.64983189e-05j
  6.52326593e-05-1.12454480e-04j ... -4.13635538e-07-1.34823801e-04j
 -5.99276234e-05-1.03309137e-04j -6.12530091e-05-3.52809697e-05j] | 
Demod.py | demod() | 0MB | flpf (size:6144) = [1.        -0.j         0.85893594-0.4947364j  0.48429104-0.83486856j ...
 0.00283041+0.92256736j 0.48429104+0.83486856j 0.85893594+0.4947364j ] | 
grid_rotation_analysis.py | plotAll() | 0MB | demod mode=2 (narrow) for angleI=3 (wire 67.5deg.) | 
Demod.py | demod() | 0MB | demod mode=2 / isnarrow=True | 
Demod.py | demod() | 0MB | fbpf (size:6144) = [ 6.27709084e-07+2.65672680e-18j -4.11503822e-04+2.37021072e-04j
 -4.15701972e-04+7.16627984e-04j ...  2.85000943e-06+9.28955733e-04j
  4.06016805e-04+6.99931739e-04j  4.07462629e-04+2.34693395e-04j] | 
Demod.py | demod() | 0MB | flpf (size:6144) = [1.        -0.j         0.85893594-0.4947364j  0.48429104-0.83486856j ...
 0.00283041+0.92256736j 0.48429104+0.83486856j 0.85893594+0.4947364j ] | 
grid_rotation_analysis.py | plotAll() | 0MB | demod mode=4 (narrow) for angleI=3 (wire 67.5deg.) | 
Demod.py | demod() | 0MB | demod mode=4 / isnarrow=True | 
Demod.py | demod() | 0MB | fbpf (size:6144) = [-6.75563577e-09+3.87108168e-18j  4.39338042e-06-2.53053236e-06j
  4.43868243e-06-7.65183774e-06j ... -3.04100073e-08-9.91209021e-06j
 -4.33303628e-06-7.46971451e-06j -4.34918152e-06-2.50507434e-06j] | 
Demod.py | demod() | 0MB | flpf (size:6144) = [1.        -0.j         0.85893594-0.4947364j  0.48429104-0.83486856j ...
 0.00283041+0.92256736j 0.48429104+0.83486856j 0.85893594+0.4947364j ] | 
grid_rotation_analysis.py | plotDemodFigure() | 0MB | Saving plot (plot_ver1/ver1_PB20.13.13_Comb01Ch01_demod_angle3...) | 
grid_rotation_analysis.py | plotDemodFigure() | 0MB | Saving plot (plot_ver1/ver1_PB20.13.13_Comb01Ch01_demod_angle_timecut3...) | 
grid_rotation_analysis.py | plotAll() | 0MB | theta_det for demod = 0.0 | 
grid_rotation_analysis.py | plotAll() | 0MB | demod mode=0 (nominal) for angleI=4 (wire 90.0deg.) | 
Demod.py | demod() | 0MB | demod mode=0 / isnarrow=False | 
grid_rotation_analysis.py | plotAll() | 0MB | demod mode=2 (nominal) for angleI=4 (wire 90.0deg.) | 
Demod.py | demod() | 0MB | demod mode=2 / isnarrow=False | 
Demod.py | demod() | 0MB | fbpf (size:19683) = [ 0.0001128 +4.51028104e-17j  0.00235264-3.87205117e-04j
  0.00505244-1.70939777e-03j ... -0.00305383-1.62637974e-03j
 -0.00258497-8.74575561e-04j -0.00154356-2.54043922e-04j] | 
Demod.py | demod() | 0MB | flpf (size:19683) = [1.        -0.j         0.98672493-0.16239836j 0.94725223-0.32048481j ...
 0.88263001+0.47006193j 0.94725223+0.32048481j 0.98672493+0.16239836j] | 
grid_rotation_analysis.py | plotAll() | 0MB | demod mode=4 (nominal) for angleI=4 (wire 90.0deg.) | 
Demod.py | demod() | 0MB | demod mode=4 / isnarrow=False | 
Demod.py | demod() | 0MB | fbpf (size:19683) = [-3.12348868e-07-1.20888542e-17j  9.69815731e-05-1.59615388e-05j
  1.84297890e-04-6.23536913e-05j ... -2.50625239e-04-1.33475388e-04j
 -1.83765716e-04-6.21736404e-05j -9.73014020e-05-1.60141773e-05j] | 
Demod.py | demod() | 0MB | flpf (size:19683) = [1.        -0.j         0.98672493-0.16239836j 0.94725223-0.32048481j ...
 0.88263001+0.47006193j 0.94725223+0.32048481j 0.98672493+0.16239836j] | 
grid_rotation_analysis.py | plotAll() | 0MB | demod mode=0 (narrow) for angleI=4 (wire 90.0deg.) | 
Demod.py | demod() | 0MB | demod mode=0 / isnarrow=True | 
grid_rotation_analysis.py | plotAll() | 0MB | demod mode=1 (narrow) for angleI=4 (wire 90.0deg.) | 
Demod.py | demod() | 0MB | demod mode=1 / isnarrow=True | 
Demod.py | demod() | 0MB | fbpf (size:19683) = [-4.22642245e-07-1.73472348e-18j  2.28275070e-05-3.75702443e-06j
  4.39517526e-05-1.48702409e-05j ... -5.88655391e-05-3.13499977e-05j
 -4.35060355e-05-1.47194410e-05j -2.33327015e-05-3.84017096e-06j] | 
Demod.py | demod() | 0MB | flpf (size:19683) = [1.        -0.j         0.98588024-0.16225934j 0.94401082-0.31938813j ...
 0.87584209+0.46644689j 0.94401082+0.31938813j 0.98588024+0.16225934j] | 
grid_rotation_analysis.py | plotAll() | 0MB | demod mode=2 (narrow) for angleI=4 (wire 90.0deg.) | 
Demod.py | demod() | 0MB | demod mode=2 / isnarrow=True | 
Demod.py | demod() | 0MB | fbpf (size:19683) = [ 6.27700708e-07+2.52077005e-18j -1.51396896e-04+2.49173875e-05j
 -2.87958736e-04+9.74253703e-05j ...  3.91060895e-04+2.08267152e-04j
  2.86901196e-04+9.70675717e-05j  1.52042777e-04+2.50236887e-05j] | 
Demod.py | demod() | 0MB | flpf (size:19683) = [1.        -0.j         0.98588024-0.16225934j 0.94401082-0.31938813j ...
 0.87584209+0.46644689j 0.94401082+0.31938813j 0.98588024+0.16225934j] | 
grid_rotation_analysis.py | plotAll() | 0MB | demod mode=4 (narrow) for angleI=4 (wire 90.0deg.) | 
Demod.py | demod() | 0MB | demod mode=4 / isnarrow=True | 
Demod.py | demod() | 0MB | fbpf (size:19683) = [-6.75600606e-09-9.75781955e-19j  1.61631474e-06-2.66018271e-07j
  3.07441938e-06-1.04017142e-06j ... -4.17443949e-06-2.22317965e-06j
 -3.06272725e-06-1.03621561e-06j -1.62318465e-06-2.67148943e-07j] | 
Demod.py | demod() | 0MB | flpf (size:19683) = [1.        -0.j         0.98588024-0.16225934j 0.94401082-0.31938813j ...
 0.87584209+0.46644689j 0.94401082+0.31938813j 0.98588024+0.16225934j] | 
grid_rotation_analysis.py | plotDemodFigure() | 0MB | Saving plot (plot_ver1/ver1_PB20.13.13_Comb01Ch01_demod_angle4...) | 
grid_rotation_analysis.py | plotDemodFigure() | 0MB | Saving plot (plot_ver1/ver1_PB20.13.13_Comb01Ch01_demod_angle_timecut4...) | 
grid_rotation_analysis.py | plotAll() | 0MB | theta_det for demod = 0.0 | 
grid_rotation_analysis.py | plotAll() | 0MB | demod mode=0 (nominal) for angleI=5 (wire 112.5deg.) | 
Demod.py | demod() | 0MB | demod mode=0 / isnarrow=False | 
grid_rotation_analysis.py | plotAll() | 0MB | demod mode=2 (nominal) for angleI=5 (wire 112.5deg.) | 
Demod.py | demod() | 0MB | demod mode=2 / isnarrow=False | 
Demod.py | demod() | 0MB | fbpf (size:6144) = [ 1.12802238e-04+2.01982378e-17j  8.58074532e-03-4.94240234e-03j
  1.43170548e-02-2.46811486e-02j ... -7.02333695e-06-2.28924475e-03j
 -1.84319803e-03-3.17748622e-03j -3.08701210e-03-1.77808049e-03j] | 
Demod.py | demod() | 0MB | flpf (size:6144) = [1.        -0.j         0.86653328-0.49911237j 0.50176348-0.86498929j ...
 0.00306787+0.99996648j 0.50176348+0.86498929j 0.86653328+0.49911237j] | 
grid_rotation_analysis.py | plotAll() | 0MB | demod mode=4 (nominal) for angleI=5 (wire 112.5deg.) | 
Demod.py | demod() | 0MB | demod mode=4 / isnarrow=False | 
Demod.py | demod() | 0MB | fbpf (size:6144) = [-3.12348865e-07-3.94012843e-17j  2.63185190e-04-1.51591389e-04j
  2.65467611e-04-4.57639202e-04j ... -1.83196257e-06-5.97125086e-04j
 -2.60621229e-04-4.49284532e-04j -2.61160759e-04-1.50425342e-04j] | 
Demod.py | demod() | 0MB | flpf (size:6144) = [1.        -0.j         0.86653328-0.49911237j 0.50176348-0.86498929j ...
 0.00306787+0.99996648j 0.50176348+0.86498929j 0.86653328+0.49911237j] | 
grid_rotation_analysis.py | plotAll() | 0MB | demod mode=0 (narrow) for angleI=5 (wire 112.5deg.) | 
Demod.py | demod() | 0MB | demod mode=0 / isnarrow=True | 
grid_rotation_analysis.py | plotAll() | 0MB | demod mode=1 (narrow) for angleI=5 (wire 112.5deg.) | 
Demod.py | demod() | 0MB | demod mode=1 / isnarrow=True | 
Demod.py | demod() | 0MB | fbpf (size:6144) = [-4.22644195e-07-3.70066630e-18j  6.33662870e-05-3.64981914e-05j
  6.52324315e-05-1.12454087e-04j ... -4.13634094e-07-1.34823330e-04j
 -5.99274141e-05-1.03308776e-04j -6.12527952e-05-3.52808465e-05j] | 
Demod.py | demod() | 0MB | flpf (size:6144) = [1.        -0.j         0.85893599-0.49473642j 0.48429114-0.83486875j ...
 0.00283041+0.92256781j 0.48429114+0.83486875j 0.85893599+0.49473642j] | 
grid_rotation_analysis.py | plotAll() | 0MB | demod mode=2 (narrow) for angleI=5 (wire 112.5deg.) | 
Demod.py | demod() | 0MB | demod mode=2 / isnarrow=True | 
Demod.py | demod() | 0MB | fbpf (size:6144) = [ 6.27705475e-07+7.52971190e-19j -4.11501456e-04+2.37019709e-04j
 -4.15699582e-04+7.16623863e-04j ...  2.84999305e-06+9.28950391e-04j
  4.06014471e-04+6.99927715e-04j  4.07460286e-04+2.34692046e-04j] | 
Demod.py | demod() | 0MB | flpf (size:6144) = [1.        -0.j         0.85893599-0.49473642j 0.48429114-0.83486875j ...
 0.00283041+0.92256781j 0.48429114+0.83486875j 0.85893599+0.49473642j] | 
grid_rotation_analysis.py | plotAll() | 0MB | demod mode=4 (narrow) for angleI=5 (wire 112.5deg.) | 
Demod.py | demod() | 0MB | demod mode=4 / isnarrow=True | 
Demod.py | demod() | 0MB | fbpf (size:6144) = [-6.75579516e-09-5.79222871e-18j  4.39348408e-06-2.53059207e-06j
  4.43878716e-06-7.65201828e-06j ... -3.04107248e-08-9.91232409e-06j
 -4.33313852e-06-7.46989076e-06j -4.34928413e-06-2.50513345e-06j] | 
Demod.py | demod() | 0MB | flpf (size:6144) = [1.        -0.j         0.85893599-0.49473642j 0.48429114-0.83486875j ...
 0.00283041+0.92256781j 0.48429114+0.83486875j 0.85893599+0.49473642j] | 
grid_rotation_analysis.py | plotDemodFigure() | 0MB | Saving plot (plot_ver1/ver1_PB20.13.13_Comb01Ch01_demod_angle5...) | 
grid_rotation_analysis.py | plotDemodFigure() | 0MB | Saving plot (plot_ver1/ver1_PB20.13.13_Comb01Ch01_demod_angle_timecut5...) | 
grid_rotation_analysis.py | plotAll() | 0MB | theta_det for demod = 0.0 | 
grid_rotation_analysis.py | plotAll() | 0MB | demod mode=0 (nominal) for angleI=6 (wire 135.0deg.) | 
Demod.py | demod() | 0MB | demod mode=0 / isnarrow=False | 
grid_rotation_analysis.py | plotAll() | 0MB | demod mode=2 (nominal) for angleI=6 (wire 135.0deg.) | 
Demod.py | demod() | 0MB | demod mode=2 / isnarrow=False | 
Demod.py | demod() | 0MB | fbpf (size:6144) = [ 1.12802239e-04-2.21174407e-17j  8.58074535e-03-4.94240236e-03j
  1.43170549e-02-2.46811487e-02j ... -7.02333698e-06-2.28924476e-03j
 -1.84319804e-03-3.17748624e-03j -3.08701211e-03-1.77808050e-03j] | 
Demod.py | demod() | 0MB | flpf (size:6144) = [1.        -0.j         0.8665333 -0.49911238j 0.50176353-0.86498938j ...
 0.00306787+0.99996668j 0.50176353+0.86498938j 0.8665333 +0.49911238j] | 
grid_rotation_analysis.py | plotAll() | 0MB | demod mode=4 (nominal) for angleI=6 (wire 135.0deg.) | 
Demod.py | demod() | 0MB | demod mode=4 / isnarrow=False | 
Demod.py | demod() | 0MB | fbpf (size:6144) = [-3.12348869e-07-2.40040113e-17j  2.63185194e-04-1.51591391e-04j
  2.65467614e-04-4.57639207e-04j ... -1.83196259e-06-5.97125093e-04j
 -2.60621232e-04-4.49284537e-04j -2.61160762e-04-1.50425344e-04j] | 
Demod.py | demod() | 0MB | flpf (size:6144) = [1.        -0.j         0.8665333 -0.49911238j 0.50176353-0.86498938j ...
 0.00306787+0.99996668j 0.50176353+0.86498938j 0.8665333 +0.49911238j] | 
grid_rotation_analysis.py | plotAll() | 0MB | demod mode=0 (narrow) for angleI=6 (wire 135.0deg.) | 
Demod.py | demod() | 0MB | demod mode=0 / isnarrow=True | 
grid_rotation_analysis.py | plotAll() | 0MB | demod mode=1 (narrow) for angleI=6 (wire 135.0deg.) | 
Demod.py | demod() | 0MB | demod mode=1 / isnarrow=True | 
Demod.py | demod() | 0MB | fbpf (size:6144) = [-4.22641988e-07+4.82392706e-18j  6.33659562e-05-3.64980009e-05j
  6.52320910e-05-1.12453500e-04j ... -4.13631934e-07-1.34822626e-04j
 -5.99271012e-05-1.03308237e-04j -6.12524754e-05-3.52806623e-05j] | 
Demod.py | demod() | 0MB | flpf (size:6144) = [1.        -0.j         0.85893606-0.49473646j 0.4842913 -0.83486902j ...
 0.00283041+0.92256849j 0.4842913 +0.83486902j 0.85893606+0.49473646j] | 
grid_rotation_analysis.py | plotAll() | 0MB | demod mode=2 (narrow) for angleI=6 (wire 135.0deg.) | 
Demod.py | demod() | 0MB | demod mode=2 / isnarrow=True | 
Demod.py | demod() | 0MB | fbpf (size:6144) = [ 6.27700080e-07+5.82171292e-18j -4.11497919e-04+2.37017672e-04j
 -4.15696009e-04+7.16617704e-04j ...  2.84996855e-06+9.28942407e-04j
  4.06010981e-04+6.99921699e-04j  4.07456784e-04+2.34690029e-04j] | 
Demod.py | demod() | 0MB | flpf (size:6144) = [1.        -0.j         0.85893606-0.49473646j 0.4842913 -0.83486902j ...
 0.00283041+0.92256849j 0.4842913 +0.83486902j 0.85893606+0.49473646j] | 
grid_rotation_analysis.py | plotAll() | 0MB | demod mode=4 (narrow) for angleI=6 (wire 135.0deg.) | 
Demod.py | demod() | 0MB | demod mode=4 / isnarrow=True | 
Demod.py | demod() | 0MB | fbpf (size:6144) = [-6.75603386e-09-3.96317447e-18j  4.39363932e-06-2.53068148e-06j
  4.43894399e-06-7.65228865e-06j ... -3.04117993e-08-9.91267432e-06j
 -4.33329162e-06-7.47015469e-06j -4.34943781e-06-2.50522196e-06j] | 
Demod.py | demod() | 0MB | flpf (size:6144) = [1.        -0.j         0.85893606-0.49473646j 0.4842913 -0.83486902j ...
 0.00283041+0.92256849j 0.4842913 +0.83486902j 0.85893606+0.49473646j] | 
grid_rotation_analysis.py | plotDemodFigure() | 0MB | Saving plot (plot_ver1/ver1_PB20.13.13_Comb01Ch01_demod_angle6...) | 
grid_rotation_analysis.py | plotDemodFigure() | 0MB | Saving plot (plot_ver1/ver1_PB20.13.13_Comb01Ch01_demod_angle_timecut6...) | 
grid_rotation_analysis.py | plotAll() | 0MB | theta_det for demod = 0.0 | 
grid_rotation_analysis.py | plotAll() | 0MB | demod mode=0 (nominal) for angleI=7 (wire 157.5deg.) | 
Demod.py | demod() | 0MB | demod mode=0 / isnarrow=False | 
grid_rotation_analysis.py | plotAll() | 0MB | demod mode=2 (nominal) for angleI=7 (wire 157.5deg.) | 
Demod.py | demod() | 0MB | demod mode=2 / isnarrow=False | 
Demod.py | demod() | 0MB | fbpf (size:6144) = [ 1.12802238e-04+1.04195949e-17j  8.58074527e-03-4.94240232e-03j
  1.43170548e-02-2.46811484e-02j ... -7.02333692e-06-2.28924473e-03j
 -1.84319802e-03-3.17748621e-03j -3.08701208e-03-1.77808048e-03j] | 
Demod.py | demod() | 0MB | flpf (size:6144) = [1.        -0.j         0.86653325-0.49911235j 0.50176342-0.86498917j ...
 0.00306787+0.99996621j 0.50176342+0.86498917j 0.86653325+0.49911235j] | 
grid_rotation_analysis.py | plotAll() | 0MB | demod mode=4 (nominal) for angleI=7 (wire 157.5deg.) | 
Demod.py | demod() | 0MB | demod mode=4 / isnarrow=False | 
Demod.py | demod() | 0MB | fbpf (size:6144) = [-3.12348860e-07-3.07267053e-17j  2.63185186e-04-1.51591387e-04j
  2.65467607e-04-4.57639195e-04j ... -1.83196254e-06-5.97125077e-04j
 -2.60621225e-04-4.49284525e-04j -2.61160755e-04-1.50425339e-04j] | 
Demod.py | demod() | 0MB | flpf (size:6144) = [1.        -0.j         0.86653325-0.49911235j 0.50176342-0.86498917j ...
 0.00306787+0.99996621j 0.50176342+0.86498917j 0.86653325+0.49911235j] | 
grid_rotation_analysis.py | plotAll() | 0MB | demod mode=0 (narrow) for angleI=7 (wire 157.5deg.) | 
Demod.py | demod() | 0MB | demod mode=0 / isnarrow=True | 
grid_rotation_analysis.py | plotAll() | 0MB | demod mode=1 (narrow) for angleI=7 (wire 157.5deg.) | 
Demod.py | demod() | 0MB | demod mode=1 / isnarrow=True | 
Demod.py | demod() | 0MB | fbpf (size:6144) = [-4.22647038e-07+2.14591245e-18j  6.33667133e-05-3.64984370e-05j
  6.52328704e-05-1.12454844e-04j ... -4.13636877e-07-1.34824237e-04j
 -5.99278173e-05-1.03309471e-04j -6.12532073e-05-3.52810839e-05j] | 
Demod.py | demod() | 0MB | flpf (size:6144) = [1.        -0.j         0.8589359 -0.49473637j 0.48429094-0.83486839j ...
 0.00283041+0.92256694j 0.48429094+0.83486839j 0.8589359 +0.49473637j] | 
grid_rotation_analysis.py | plotAll() | 0MB | demod mode=2 (narrow) for angleI=7 (wire 157.5deg.) | 
Demod.py | demod() | 0MB | demod mode=2 / isnarrow=True | 
Demod.py | demod() | 0MB | fbpf (size:6144) = [ 6.27712428e-07-3.00120327e-18j -4.11506014e-04+2.37022335e-04j
 -4.15704187e-04+7.16631801e-04j ...  2.85002462e-06+9.28960681e-04j
  4.06018968e-04+6.99935468e-04j  4.07464800e-04+2.34694645e-04j] | 
Demod.py | demod() | 0MB | flpf (size:6144) = [1.        -0.j         0.8589359 -0.49473637j 0.48429094-0.83486839j ...
 0.00283041+0.92256694j 0.48429094+0.83486839j 0.8589359 +0.49473637j] | 
grid_rotation_analysis.py | plotAll() | 0MB | demod mode=4 (narrow) for angleI=7 (wire 157.5deg.) | 
Demod.py | demod() | 0MB | demod mode=4 / isnarrow=True | 
Demod.py | demod() | 0MB | fbpf (size:6144) = [-6.75548828e-09-1.13805778e-18j  4.39328451e-06-2.53047712e-06j
  4.43858553e-06-7.65167070e-06j ... -3.04093434e-08-9.91187383e-06j
 -4.33294169e-06-7.46955144e-06j -4.34908657e-06-2.50501965e-06j] | 
Demod.py | demod() | 0MB | flpf (size:6144) = [1.        -0.j         0.8589359 -0.49473637j 0.48429094-0.83486839j ...
 0.00283041+0.92256694j 0.48429094+0.83486839j 0.8589359 +0.49473637j] | 
grid_rotation_analysis.py | plotDemodFigure() | 0MB | Saving plot (plot_ver1/ver1_PB20.13.13_Comb01Ch01_demod_angle7...) | 
grid_rotation_analysis.py | plotDemodFigure() | 0MB | Saving plot (plot_ver1/ver1_PB20.13.13_Comb01Ch01_demod_angle_timecut7...) | 
grid_rotation_analysis.py | plotAll() | 0MB | Saving plot (plot_ver1/ver1__PB20.13.13_Comb01Ch01...) for [0]:PB20.13.13_Comb01Ch01 | 
grid_rotation_analysis.py | plotAll() | 0MB | Saving plot (plot_ver1/ver1_FFT_PB20.13.13_Comb01Ch01...) for [0]:PB20.13.13_Comb01Ch01 | 
grid_rotation_analysis.py | plotAll() | 0MB | Saving plot (plot_ver1/ver1_FFTnorm_PB20.13.13_Comb01Ch01...) for [0]:PB20.13.13_Comb01Ch01 | 
grid_rotation_analysis.py | plotAll() | 0MB | reals (size:8) = [-1538.4373843541766, -2551.1148538988755, -2238.042950945973, -507.51412109341766, 1703.8608841302166, 2830.677596456691, 2167.150715784308, 404.9387921073809] | 
grid_rotation_analysis.py | plotAll() | 0MB | reals_err (size:8) = [4.868525435946024, 0.9427011272483435, 0.5014330469677237, 0.9129900566549948, 13.939721016042983, 6.357073918792219, 3.9137327974944185, 2.3590077059062606] | 
grid_rotation_analysis.py | plotAll() | 0MB | reals_mK (size:8) = [-2394.8762982262033, -3971.305273642958, -3483.9481100381317, -790.0442045822737, 2652.390073445319, 4406.498927169445, 3373.5905904903198, 630.3658018928209] | 
grid_rotation_analysis.py | plotAll() | 0MB | reals_mK_err (size:8) = [31.13591030566894, 50.09975196288832, 43.939603174443555, 10.063343185818445, 39.869370697497594, 56.44039245888456, 42.97510913407904, 8.756191990819843] | 
grid_rotation_analysis.py | plotAll() | 0MB | Saving plot (plot_ver1/ver1_PB20.13.13_Comb01Ch01_demod.png) for [0]:PB20.13.13_Comb01Ch01 | 
