Index(['id', 'readout_name', 'lmfit_x0', 'lmfit_y0', 'lmfit_a', 'lmfit_b',
       'lmfit_alpha', 'lmfit_chisqr', 'x0', 'y0', 'theta0', 'a', 'b', 'r',
       'alpha', 'x0_err', 'y0_err', 'theta0_err', 'a_err', 'b_err', 'r_err',
       'alpha_err', 'chisqr', 'wireangle0', 'wireangle0_err', 'theta_wire0',
       'theta_wire0_err', 'theta_det', 'theta_det_err', 'bolo_name',
       'det_offset_x', 'det_offset_y', 'pol_angle', 'band', 'wafer_number',
       'pixel_name', 'pixel_number', 'pixel_type', 'bolo_type',
       'pixel_handedness', 'hardware_map_dir', 'hardware_map_commit_hash',
       'run_id', 'run_subid', 'hardware_map_readout_name', 'tau', 'tauerr',
       'amp', 'amperr', 'number_freq_use', 'hwp'],
      dtype='object')
x min = 0.4172617 / max = 9736.626
save output_ver3/check_db/all_r.pdf
x min = 0.4172617 / max = 9736.626
save output_ver3/check_db/all_r_zoom.pdf
x min = 0.2413811 / max = 422116.0
save output_ver3/check_db/all_chisqr.pdf
x min = 0.2413811 / max = 422116.0
save output_ver3/check_db/all_chisqr_zoom.pdf
x min = 0.4172617 / max = 9736.626
y min = 0.2413811 / max = 422116.0
save output_ver3/check_db/all_r-chisqr.pdf
x min = 0.4172617 / max = 9736.626
y min = 0.2413811 / max = 422116.0
save output_ver3/check_db/all_r-chisqr_zoom.pdf
# of "theta_det_err<0.5*3.141593e+00/180." = 3642/4754
x min = 42.72071 / max = 9496.435
save output_ver3/check_db/thetaless1_r.pdf
x min = 42.95719 / max = 422116.0
save output_ver3/check_db/thetaless1_chisqr.pdf
x min = 0.009125412859379352 / max = 24543.667019304146
save output_ver3/check_db/all_theta_det_err.pdf
x min = 0.009125412859379352 / max = 24543.667019304146
save output_ver3/check_db/all_theta_det_err_zoom.pdf
save output_ver3/check_db/r_wt_different_theta_det_err.pdf
